>>> Starting tests !
>>> Files to test : 1812
............................................................................................................................................................................................................................................................................................................................................................................................................................................................................................................................................................................................................................................................................................................................................................................................................................................................................................................................................................................................
All Metadata Files Passed
........................................................................................................................................................................................................................................................................................................................................................................................................................................................................................................................................................................................................................................................................................................................................................................................................................................................................................
+------------+-------+-------+--------------+
| Identifier | Words | Nodes | Failed Tests |
+------------+-------+-------+--------------+

>>> End of the test !

+----------------------+------------+
|   HookTestResults    |            |
+----------------------+------------+
|     Total Texts      |    856     |
+----------------------+------------+
|    Passing Texts     |    856     |
+----------------------+------------+
|    Metadata Files    |    956     |
+----------------------+------------+
|   Passing Metadata   |    956     |
+----------------------+------------+
|       Coverage       |   100.0    |
+----------------------+------------+
| Total Citation Units |  198,245   |
+----------------------+------------+
|     Total Words      | 20,601,066 |
+----------------------+------------+
|     Words in COP     |   1,241    |
+----------------------+------------+
|     Words in MUL     |   58,903   |
+----------------------+------------+
|     Words in GRC     | 19,567,258 |
+----------------------+------------+
|     Words in DEU     |  160,363   |
+----------------------+------------+
|     Words in ENG     |  359,979   |
+----------------------+------------+
|     Words in LAT     |  453,322   |
+----------------------+------------+
{
  "link": "/repo/OpenGreekAndLatin/First1KGreek/3450", 
  "status": "success"
}

