>>> Starting tests !
>>> Files to test : 1920
........................................................................................................................................................................................................................................................................................................................................................................................................................................................................................................................................................................................................................................................................................................................................................................................................................................................................................................................................................................................................................................................
All Metadata Files Passed
........................................................................................................................................................................................................................................................................................................................................................................................................................................................................................................................................................................................................................................................................................................................................................................................................................................................................................................................................
+------------+-------+-------+--------------+
| Identifier | Words | Nodes | Failed Tests |
+------------+-------+-------+--------------+

>>> End of the test !

+----------------------+------------+
|   HookTestResults    |            |
+----------------------+------------+
|     Total Texts      |    904     |
+----------------------+------------+
|    Passing Texts     |    904     |
+----------------------+------------+
|    Metadata Files    |    1016    |
+----------------------+------------+
|   Passing Metadata   |    1016    |
+----------------------+------------+
|       Coverage       |   100.0    |
+----------------------+------------+
| Total Citation Units |  206,775   |
+----------------------+------------+
|     Total Words      | 21,255,754 |
+----------------------+------------+
|     Words in MUL     |   58,903   |
+----------------------+------------+
|     Words in COP     |   1,241    |
+----------------------+------------+
|     Words in DEU     |  160,363   |
+----------------------+------------+
|     Words in LAT     |  509,387   |
+----------------------+------------+
|     Words in GRC     | 20,165,881 |
+----------------------+------------+
|     Words in ENG     |  359,979   |
+----------------------+------------+
{
  "link": "/repo/OpenGreekAndLatin/First1KGreek/3808", 
  "status": "success"
}

