>>> Starting tests !
>>> Files to test : 1860
.......................................................................................................................................................................................................................................................................................................................................................................................................................................................................................................................................................................................................................................................................................................................................................................................................................................................................................................................................................................................................................
All Metadata Files Passed
.............................................................................................................................................................................................................................................................................................................................................................................................................................................................................................................................................................................................................................................................................................................................................................................................................................................................................................................
+------------+-------+-------+--------------+
| Identifier | Words | Nodes | Failed Tests |
+------------+-------+-------+--------------+

>>> End of the test !

+----------------------+------------+
|   HookTestResults    |            |
+----------------------+------------+
|     Total Texts      |    877     |
+----------------------+------------+
|    Passing Texts     |    877     |
+----------------------+------------+
|    Metadata Files    |    983     |
+----------------------+------------+
|   Passing Metadata   |    983     |
+----------------------+------------+
|       Coverage       |   100.0    |
+----------------------+------------+
| Total Citation Units |  204,749   |
+----------------------+------------+
|     Total Words      | 20,958,347 |
+----------------------+------------+
|     Words in MUL     |   58,903   |
+----------------------+------------+
|     Words in GRC     | 19,924,539 |
+----------------------+------------+
|     Words in LAT     |  453,322   |
+----------------------+------------+
|     Words in DEU     |  160,363   |
+----------------------+------------+
|     Words in COP     |   1,241    |
+----------------------+------------+
|     Words in ENG     |  359,979   |
+----------------------+------------+
{
  "link": "/repo/OpenGreekAndLatin/First1KGreek/3607", 
  "status": "success"
}

