>>> Starting tests !
>>> Files to test : 1735
..............................................................................................................................................................................................................................................................................................................................................................................................................................................................................................................................................................................................................................................................................................................................................................................................................................................................................................................................................
All Metadata Files Passed
.........................................................................................................................................................................................................................................................................................................................................................................................................................................................................................................................................................................................................................................................................................................................................................................................................................................................
+------------+-------+-------+--------------+
| Identifier | Words | Nodes | Failed Tests |
+------------+-------+-------+--------------+

>>> End of the test !

+----------------------+------------+
|   HookTestResults    |            |
+----------------------+------------+
|     Total Texts      |    825     |
+----------------------+------------+
|    Passing Texts     |    825     |
+----------------------+------------+
|    Metadata Files    |    910     |
+----------------------+------------+
|   Passing Metadata   |    910     |
+----------------------+------------+
|       Coverage       |   100.0    |
+----------------------+------------+
| Total Citation Units |  193,020   |
+----------------------+------------+
|     Total Words      | 20,385,895 |
+----------------------+------------+
|     Words in LAT     |  453,322   |
+----------------------+------------+
|     Words in COP     |   1,241    |
+----------------------+------------+
|     Words in MUL     |   58,903   |
+----------------------+------------+
|     Words in GRC     | 19,352,087 |
+----------------------+------------+
|     Words in DEU     |  160,363   |
+----------------------+------------+
|     Words in ENG     |  359,979   |
+----------------------+------------+
{
  "link": "/repo/OpenGreekAndLatin/First1KGreek/3282", 
  "status": "success"
}

