Since 1.1.8, you do not need to specify --console table anymore. --console is enough
>>> Starting tests !
>>> Files to test : 2152
....................................................................................................................................................................................................................................................................................................................................................................................................................................................................................................................................................................................................................................................................................................................................................................................................................................................................................................................................................................................................................................................................................................................................................................................
All Metadata Files Passed
....................................................................................................................................................................................................................................................................................................................................................................................................................................................................................................................................................................................................................................................................................................................................................................................................................................................................................................................................................................................................................................................
+------------+-------+-------+--------------+
| Identifier | Words | Nodes | Failed Tests |
+------------+-------+-------+--------------+

>>> End of the test !

+----------------------+------------+
|   HookTestResults    |            |
+----------------------+------------+
|     Total Texts      |    1012    |
+----------------------+------------+
|    Passing Texts     |    1012    |
+----------------------+------------+
|    Metadata Files    |    1140    |
+----------------------+------------+
|   Passing Metadata   |    1140    |
+----------------------+------------+
|       Coverage       |   100.0    |
+----------------------+------------+
| Total Citation Units |  244,205   |
+----------------------+------------+
|     Total Words      | 22,666,482 |
+----------------------+------------+
|     Words in GRC     | 21,556,456 |
+----------------------+------------+
|     Words in ENG     |  362,105   |
+----------------------+------------+
|     Words in LAT     |  527,414   |
+----------------------+------------+
|     Words in COP     |   1,241    |
+----------------------+------------+
|     Words in MUL     |   58,903   |
+----------------------+------------+
|     Words in DEU     |  160,363   |
+----------------------+------------+
<!DOCTYPE HTML PUBLIC "-//W3C//DTD HTML 3.2 Final//EN">
<title>405 Method Not Allowed</title>
<h1>Method Not Allowed</h1>
<p>The method is not allowed for the requested URL.</p>

