>>> Starting tests !
>>> Files to test : 1955
...........................................................................................................................................................................................................................................................................................................................................................................................................................................................................................................................................................................................................................................................................................................................................................................................................................................................................................................................................................................................................................................................................
All Metadata Files Passed
........................................................................................................................................................................................................................................................................................................................................................................................................................................................................................................................................................................................................................................................................................................................................................................................................................................................................................................................................................
+------------+-------+-------+--------------+
| Identifier | Words | Nodes | Failed Tests |
+------------+-------+-------+--------------+

>>> End of the test !

+----------------------+------------+
|   HookTestResults    |            |
+----------------------+------------+
|     Total Texts      |    920     |
+----------------------+------------+
|    Passing Texts     |    920     |
+----------------------+------------+
|    Metadata Files    |    1035    |
+----------------------+------------+
|   Passing Metadata   |    1035    |
+----------------------+------------+
|       Coverage       |   100.0    |
+----------------------+------------+
| Total Citation Units |  232,632   |
+----------------------+------------+
|     Total Words      | 21,951,154 |
+----------------------+------------+
|     Words in DEU     |  160,363   |
+----------------------+------------+
|     Words in COP     |   1,241    |
+----------------------+------------+
|     Words in LAT     |  509,387   |
+----------------------+------------+
|     Words in MUL     |   58,903   |
+----------------------+------------+
|     Words in ENG     |  359,979   |
+----------------------+------------+
|     Words in GRC     | 20,861,281 |
+----------------------+------------+
{
  "link": "/repo/OpenGreekAndLatin/First1KGreek/3950", 
  "status": "success"
}

