>>> Starting tests !
>>> Files to test : 1866
.........................................................................................................................................................................................................................................................................................................................................................................................................................................................................................................................................................................................................................................................................................................................................................................................................................................................................................................................................................................................................................
All Metadata Files Passed
.................................................................................................................................................................................................................................................................................................................................................................................................................................................................................................................................................................................................................................................................................................................................................................................................................................................................................................................
+------------+-------+-------+--------------+
| Identifier | Words | Nodes | Failed Tests |
+------------+-------+-------+--------------+

>>> End of the test !

+----------------------+------------+
|   HookTestResults    |            |
+----------------------+------------+
|     Total Texts      |    881     |
+----------------------+------------+
|    Passing Texts     |    881     |
+----------------------+------------+
|    Metadata Files    |    985     |
+----------------------+------------+
|   Passing Metadata   |    985     |
+----------------------+------------+
|       Coverage       |   100.0    |
+----------------------+------------+
| Total Citation Units |  205,001   |
+----------------------+------------+
|     Total Words      | 21,003,173 |
+----------------------+------------+
|     Words in MUL     |   58,903   |
+----------------------+------------+
|     Words in COP     |   1,241    |
+----------------------+------------+
|     Words in LAT     |  509,387   |
+----------------------+------------+
|     Words in ENG     |  359,979   |
+----------------------+------------+
|     Words in DEU     |  160,363   |
+----------------------+------------+
|     Words in GRC     | 19,913,300 |
+----------------------+------------+
{
  "link": "/repo/OpenGreekAndLatin/First1KGreek/3625", 
  "status": "success"
}

