>>> Starting tests !
>>> Files to test : 1959
.............................................................................................................................................................................................................................................................................................................................................................................................................................................................................................................................................................................................................................................................................................................................................................................................................................................................................................................................................................................................................................................................................
All Metadata Files Passed
..........................................................................................................................................................................................................................................................................................................................................................................................................................................................................................................................................................................................................................................................................................................................................................................................................................................................................................................................................................
+------------+-------+-------+--------------+
| Identifier | Words | Nodes | Failed Tests |
+------------+-------+-------+--------------+

>>> End of the test !

+----------------------+------------+
|   HookTestResults    |            |
+----------------------+------------+
|     Total Texts      |    922     |
+----------------------+------------+
|    Passing Texts     |    922     |
+----------------------+------------+
|    Metadata Files    |    1037    |
+----------------------+------------+
|   Passing Metadata   |    1037    |
+----------------------+------------+
|       Coverage       |   100.0    |
+----------------------+------------+
| Total Citation Units |  232,667   |
+----------------------+------------+
|     Total Words      | 21,975,060 |
+----------------------+------------+
|     Words in MUL     |   58,903   |
+----------------------+------------+
|     Words in DEU     |  160,363   |
+----------------------+------------+
|     Words in GRC     | 20,885,187 |
+----------------------+------------+
|     Words in LAT     |  509,387   |
+----------------------+------------+
|     Words in ENG     |  359,979   |
+----------------------+------------+
|     Words in COP     |   1,241    |
+----------------------+------------+
{
  "link": "/repo/OpenGreekAndLatin/First1KGreek/3951", 
  "status": "success"
}

