>>> Starting tests !
>>> Files to test : 1751
......................................................................................................................................................................................................................................................................................................................................................................................................................................................................................................................................................................................................................................................................................................................................................................................................................................................................................................................................................
All Metadata Files Passed
.................................................................................................................................................................................................................................................................................................................................................................................................................................................................................................................................................................................................................................................................................................................................................................................................................................................................
+------------+-------+-------+--------------+
| Identifier | Words | Nodes | Failed Tests |
+------------+-------+-------+--------------+

>>> End of the test !

+----------------------+------------+
|   HookTestResults    |            |
+----------------------+------------+
|     Total Texts      |    833     |
+----------------------+------------+
|    Passing Texts     |    833     |
+----------------------+------------+
|    Metadata Files    |    918     |
+----------------------+------------+
|   Passing Metadata   |    918     |
+----------------------+------------+
|       Coverage       |   100.0    |
+----------------------+------------+
| Total Citation Units |  193,366   |
+----------------------+------------+
|     Total Words      | 20,422,226 |
+----------------------+------------+
|     Words in ENG     |  359,979   |
+----------------------+------------+
|     Words in GRC     | 19,388,418 |
+----------------------+------------+
|     Words in DEU     |  160,363   |
+----------------------+------------+
|     Words in MUL     |   58,903   |
+----------------------+------------+
|     Words in COP     |   1,241    |
+----------------------+------------+
|     Words in LAT     |  453,322   |
+----------------------+------------+
{
  "link": "/repo/OpenGreekAndLatin/First1KGreek/3283", 
  "status": "success"
}

