>>> Starting tests !
>>> Files to test : 1810
...........................................................................................................................................................................................................................................................................................................................................................................................................................................................................................................................................................................................................................................................................................................................................................................................................................................................................................................................................................................................
All Metadata Files Passed
.......................................................................................................................................................................................................................................................................................................................................................................................................................................................................................................................................................................................................................................................................................................................................................................................................................................................................................
+------------+-------+-------+--------------+
| Identifier | Words | Nodes | Failed Tests |
+------------+-------+-------+--------------+

>>> End of the test !

+----------------------+------------+
|   HookTestResults    |            |
+----------------------+------------+
|     Total Texts      |    855     |
+----------------------+------------+
|    Passing Texts     |    855     |
+----------------------+------------+
|    Metadata Files    |    955     |
+----------------------+------------+
|   Passing Metadata   |    955     |
+----------------------+------------+
|       Coverage       |   100.0    |
+----------------------+------------+
| Total Citation Units |  198,143   |
+----------------------+------------+
|     Total Words      | 20,597,137 |
+----------------------+------------+
|     Words in DEU     |  160,363   |
+----------------------+------------+
|     Words in ENG     |  359,979   |
+----------------------+------------+
|     Words in LAT     |  453,322   |
+----------------------+------------+
|     Words in MUL     |   58,903   |
+----------------------+------------+
|     Words in GRC     | 19,563,329 |
+----------------------+------------+
|     Words in COP     |   1,241    |
+----------------------+------------+
{
  "link": "/repo/OpenGreekAndLatin/First1KGreek/3448", 
  "status": "success"
}

