Since 1.1.8, you do not need to specify --console table anymore. --console is enough
>>> Starting tests !
>>> Files to test : 2610
.....................................................................................................................................................................................................................................................................................................................................................................................................................................................................................................................................................................................................................................................................................................................................................................................................................................................................................................................................................................................................................................................................................................................................................................................................................................................................................................................................................................................................................................................................
All Metadata Files Passed
.............................................................................................................................................................................................................................................................................................................................................................................................................................................................................................................................................................................................................................................................................................................................................................................................................................................................................................................................................................................................................................................................................................................................................................................................................................................
+------------+-------+-------+--------------+
| Identifier | Words | Nodes | Failed Tests |
+------------+-------+-------+--------------+

>>> End of the test !

+----------------------+------------+
|   HookTestResults    |            |
+----------------------+------------+
|     Total Texts      |    1197    |
+----------------------+------------+
|    Passing Texts     |    1197    |
+----------------------+------------+
|    Metadata Files    |    1413    |
+----------------------+------------+
|   Passing Metadata   |    1413    |
+----------------------+------------+
|       Coverage       |   100.0    |
+----------------------+------------+
| Total Citation Units |  291,711   |
+----------------------+------------+
|     Total Words      | 24,960,356 |
+----------------------+------------+
|     Words in GRC     | 23,774,949 |
+----------------------+------------+
|     Words in ENG     |  422,866   |
+----------------------+------------+
|     Words in LAT     |  542,034   |
+----------------------+------------+
|     Words in COP     |   1,241    |
+----------------------+------------+
|     Words in MUL     |   58,903   |
+----------------------+------------+
|     Words in DEU     |  160,363   |
+----------------------+------------+
<!DOCTYPE HTML PUBLIC "-//W3C//DTD HTML 3.2 Final//EN">
<title>405 Method Not Allowed</title>
<h1>Method Not Allowed</h1>
<p>The method is not allowed for the requested URL.</p>

