>>> Starting tests !
>>> Files to test : 1961
..............................................................................................................................................................................................................................................................................................................................................................................................................................................................................................................................................................................................................................................................................................................................................................................................................................................................................................................................................................................................................................................................................
All Metadata Files Passed
...........................................................................................................................................................................................................................................................................................................................................................................................................................................................................................................................................................................................................................................................................................................................................................................................................................................................................................................................................................
+------------+-------+-------+--------------+
| Identifier | Words | Nodes | Failed Tests |
+------------+-------+-------+--------------+

>>> End of the test !

+----------------------+------------+
|   HookTestResults    |            |
+----------------------+------------+
|     Total Texts      |    923     |
+----------------------+------------+
|    Passing Texts     |    923     |
+----------------------+------------+
|    Metadata Files    |    1038    |
+----------------------+------------+
|   Passing Metadata   |    1038    |
+----------------------+------------+
|       Coverage       |   100.0    |
+----------------------+------------+
| Total Citation Units |  232,696   |
+----------------------+------------+
|     Total Words      | 21,989,513 |
+----------------------+------------+
|     Words in MUL     |   58,903   |
+----------------------+------------+
|     Words in LAT     |  509,387   |
+----------------------+------------+
|     Words in DEU     |  160,363   |
+----------------------+------------+
|     Words in ENG     |  359,979   |
+----------------------+------------+
|     Words in COP     |   1,241    |
+----------------------+------------+
|     Words in GRC     | 20,899,640 |
+----------------------+------------+
{
  "link": "/repo/OpenGreekAndLatin/First1KGreek/3952", 
  "status": "success"
}

