>>> Starting tests !
>>> Files to test : 1773
....................................................................................................................................................................................................................................................................................................................................................................................................................................................................................................................................................................................................................................................................................................................................................................................................................................................................................................................................................................
All Metadata Files Passed
.........................................................................................................................................................................................................................................................................................................................................................................................................................................................................................................................................................................................................................................................................................................................................................................................................................................................................
+------------+-------+-------+--------------+
| Identifier | Words | Nodes | Failed Tests |
+------------+-------+-------+--------------+

>>> End of the test !

+----------------------+------------+
|   HookTestResults    |            |
+----------------------+------------+
|     Total Texts      |    841     |
+----------------------+------------+
|    Passing Texts     |    841     |
+----------------------+------------+
|    Metadata Files    |    932     |
+----------------------+------------+
|   Passing Metadata   |    932     |
+----------------------+------------+
|       Coverage       |   100.0    |
+----------------------+------------+
| Total Citation Units |  197,394   |
+----------------------+------------+
|     Total Words      | 20,535,035 |
+----------------------+------------+
|     Words in COP     |   1,241    |
+----------------------+------------+
|     Words in LAT     |  453,322   |
+----------------------+------------+
|     Words in GRC     | 19,501,227 |
+----------------------+------------+
|     Words in MUL     |   58,903   |
+----------------------+------------+
|     Words in ENG     |  359,979   |
+----------------------+------------+
|     Words in DEU     |  160,363   |
+----------------------+------------+
{
  "link": "/repo/OpenGreekAndLatin/First1KGreek/3328", 
  "status": "success"
}

