>>> Starting tests !
>>> Files to test : 1741
.................................................................................................................................................................................................................................................................................................................................................................................................................................................................................................................................................................................................................................................................................................................................................................................................................................................................................................................................................
All Metadata Files Passed
............................................................................................................................................................................................................................................................................................................................................................................................................................................................................................................................................................................................................................................................................................................................................................................................................................................................
+------------+-------+-------+--------------+
| Identifier | Words | Nodes | Failed Tests |
+------------+-------+-------+--------------+

>>> End of the test !

+----------------------+------------+
|   HookTestResults    |            |
+----------------------+------------+
|     Total Texts      |    828     |
+----------------------+------------+
|    Passing Texts     |    828     |
+----------------------+------------+
|    Metadata Files    |    913     |
+----------------------+------------+
|   Passing Metadata   |    913     |
+----------------------+------------+
|       Coverage       |   100.0    |
+----------------------+------------+
| Total Citation Units |  193,246   |
+----------------------+------------+
|     Total Words      | 20,415,329 |
+----------------------+------------+
|     Words in DEU     |  160,363   |
+----------------------+------------+
|     Words in GRC     | 19,381,521 |
+----------------------+------------+
|     Words in ENG     |  359,979   |
+----------------------+------------+
|     Words in LAT     |  453,322   |
+----------------------+------------+
|     Words in MUL     |   58,903   |
+----------------------+------------+
|     Words in COP     |   1,241    |
+----------------------+------------+
{
  "link": "/repo/OpenGreekAndLatin/First1KGreek/3281", 
  "status": "success"
}

