>>> Starting tests !
>>> Files to test : 1732
.............................................................................................................................................................................................................................................................................................................................................................................................................................................................................................................................................................................................................................................................................................................................................................................................................................................................................................................................................
All Metadata Files Passed
.......................................................................................................................................................................................................................................................................................................................................................................................................................................................................................................................................................................................................................................................................................................................................................................................................................................................
+------------+-------+-------+--------------+
| Identifier | Words | Nodes | Failed Tests |
+------------+-------+-------+--------------+

>>> End of the test !

+----------------------+------------+
|   HookTestResults    |            |
+----------------------+------------+
|     Total Texts      |    823     |
+----------------------+------------+
|    Passing Texts     |    823     |
+----------------------+------------+
|    Metadata Files    |    909     |
+----------------------+------------+
|   Passing Metadata   |    909     |
+----------------------+------------+
|       Coverage       |   100.0    |
+----------------------+------------+
| Total Citation Units |  192,848   |
+----------------------+------------+
|     Total Words      | 20,332,722 |
+----------------------+------------+
|     Words in LAT     |  453,322   |
+----------------------+------------+
|     Words in MUL     |   58,903   |
+----------------------+------------+
|     Words in DEU     |  160,363   |
+----------------------+------------+
|     Words in COP     |   1,241    |
+----------------------+------------+
|     Words in ENG     |  359,979   |
+----------------------+------------+
|     Words in GRC     | 19,298,914 |
+----------------------+------------+
{
  "link": "/repo/OpenGreekAndLatin/First1KGreek/3278", 
  "status": "success"
}

