>>> Starting tests !
>>> Files to test : 1827
....................................................................................................................................................................................................................................................................................................................................................................................................................................................................................................................................................................................................................................................................................................................................................................................................................................................................................................................................................................................................
All Metadata Files Passed
...............................................................................................................................................................................................................................................................................................................................................................................................................................................................................................................................................................................................................................................................................................................................................................................................................................................................................................
+------------+-------+-------+--------------+
| Identifier | Words | Nodes | Failed Tests |
+------------+-------+-------+--------------+

>>> End of the test !

+----------------------+------------+
|   HookTestResults    |            |
+----------------------+------------+
|     Total Texts      |    863     |
+----------------------+------------+
|    Passing Texts     |    863     |
+----------------------+------------+
|    Metadata Files    |    964     |
+----------------------+------------+
|   Passing Metadata   |    964     |
+----------------------+------------+
|       Coverage       |   100.0    |
+----------------------+------------+
| Total Citation Units |  201,569   |
+----------------------+------------+
|     Total Words      | 20,714,684 |
+----------------------+------------+
|     Words in LAT     |  453,322   |
+----------------------+------------+
|     Words in COP     |   1,241    |
+----------------------+------------+
|     Words in MUL     |   58,903   |
+----------------------+------------+
|     Words in ENG     |  359,979   |
+----------------------+------------+
|     Words in DEU     |  160,363   |
+----------------------+------------+
|     Words in GRC     | 19,680,876 |
+----------------------+------------+
{
  "link": "/repo/OpenGreekAndLatin/First1KGreek/3470", 
  "status": "success"
}

