>>> Starting tests !
>>> Files to test : 1873
.............................................................................................................................................................................................................................................................................................................................................................................................................................................................................................................................................................................................................................................................................................................................................................................................................................................................................................................................................................................................................................
All Metadata Files Passed
....................................................................................................................................................................................................................................................................................................................................................................................................................................................................................................................................................................................................................................................................................................................................................................................................................................................................................................................
+------------+-------+-------+--------------+
| Identifier | Words | Nodes | Failed Tests |
+------------+-------+-------+--------------+

>>> End of the test !

+----------------------+------------+
|   HookTestResults    |            |
+----------------------+------------+
|     Total Texts      |    884     |
+----------------------+------------+
|    Passing Texts     |    884     |
+----------------------+------------+
|    Metadata Files    |    989     |
+----------------------+------------+
|   Passing Metadata   |    989     |
+----------------------+------------+
|       Coverage       |   100.0    |
+----------------------+------------+
| Total Citation Units |  205,248   |
+----------------------+------------+
|     Total Words      | 21,056,600 |
+----------------------+------------+
|     Words in DEU     |  160,363   |
+----------------------+------------+
|     Words in COP     |   1,241    |
+----------------------+------------+
|     Words in LAT     |  509,387   |
+----------------------+------------+
|     Words in ENG     |  359,979   |
+----------------------+------------+
|     Words in MUL     |   58,903   |
+----------------------+------------+
|     Words in GRC     | 19,966,727 |
+----------------------+------------+
{
  "link": "/repo/OpenGreekAndLatin/First1KGreek/3738", 
  "status": "success"
}

