>>> Starting tests !
>>> Files to test : 1739
................................................................................................................................................................................................................................................................................................................................................................................................................................................................................................................................................................................................................................................................................................................................................................................................................................................................................................................................................
All Metadata Files Passed
...........................................................................................................................................................................................................................................................................................................................................................................................................................................................................................................................................................................................................................................................................................................................................................................................................................................................
+------------+-------+-------+--------------+
| Identifier | Words | Nodes | Failed Tests |
+------------+-------+-------+--------------+

>>> End of the test !

+----------------------+------------+
|   HookTestResults    |            |
+----------------------+------------+
|     Total Texts      |    827     |
+----------------------+------------+
|    Passing Texts     |    827     |
+----------------------+------------+
|    Metadata Files    |    912     |
+----------------------+------------+
|   Passing Metadata   |    912     |
+----------------------+------------+
|       Coverage       |   100.0    |
+----------------------+------------+
| Total Citation Units |  193,217   |
+----------------------+------------+
|     Total Words      | 20,412,072 |
+----------------------+------------+
|     Words in GRC     | 19,378,264 |
+----------------------+------------+
|     Words in DEU     |  160,363   |
+----------------------+------------+
|     Words in COP     |   1,241    |
+----------------------+------------+
|     Words in MUL     |   58,903   |
+----------------------+------------+
|     Words in LAT     |  453,322   |
+----------------------+------------+
|     Words in ENG     |  359,979   |
+----------------------+------------+
{
  "link": "/repo/OpenGreekAndLatin/First1KGreek/3280", 
  "status": "success"
}

