Since 1.1.8, you do not need to specify --console table anymore. --console is enough
>>> Starting tests !
>>> Files to test : 2561
.......................................................................................................................................................................................................................................................................................................................................................................................................................................................................................................................................................................................................................................................................................................................................................................................................................................................................................................................................................................................................................................................................................................................................................................................................................................................................................................................................................................................................................................
All Metadata Files Passed
..........................................................................................................................................................................................................................................................................................................................................................................................................................................................................................................................................................................................................................................................................................................................................................................................................................................................................................................................................................................................................................................................................................................................................................................................................................
+------------+-------+-------+--------------+
| Identifier | Words | Nodes | Failed Tests |
+------------+-------+-------+--------------+

>>> End of the test !

+----------------------+------------+
|   HookTestResults    |            |
+----------------------+------------+
|     Total Texts      |    1178    |
+----------------------+------------+
|    Passing Texts     |    1178    |
+----------------------+------------+
|    Metadata Files    |    1383    |
+----------------------+------------+
|   Passing Metadata   |    1383    |
+----------------------+------------+
|       Coverage       |   100.0    |
+----------------------+------------+
| Total Citation Units |  278,070   |
+----------------------+------------+
|     Total Words      | 24,627,404 |
+----------------------+------------+
|     Words in GRC     | 23,444,669 |
+----------------------+------------+
|     Words in ENG     |  420,194   |
+----------------------+------------+
|     Words in LAT     |  542,034   |
+----------------------+------------+
|     Words in COP     |   1,241    |
+----------------------+------------+
|     Words in MUL     |   58,903   |
+----------------------+------------+
|     Words in DEU     |  160,363   |
+----------------------+------------+
<!DOCTYPE HTML PUBLIC "-//W3C//DTD HTML 3.2 Final//EN">
<title>405 Method Not Allowed</title>
<h1>Method Not Allowed</h1>
<p>The method is not allowed for the requested URL.</p>

