Since 1.1.8, you do not need to specify --console table anymore. --console is enough
>>> Starting tests !
>>> Files to test : 2295
...................................................................................................................................................................................................................................................................................................................................................................................................................................................................................................................................................................................................................................................................................................................................................................................................................................................................................................................................................................................................................................................................................................................................................................................................................................................................
All Metadata Files Passed
....................................................................................................................................................................................................................................................................................................................................................................................................................................................................................................................................................................................................................................................................................................................................................................................................................................................................................................................................................................................................................................................................................................................
+------------+-------+-------+--------------+
| Identifier | Words | Nodes | Failed Tests |
+------------+-------+-------+--------------+

>>> End of the test !

+----------------------+------------+
|   HookTestResults    |            |
+----------------------+------------+
|     Total Texts      |    1076    |
+----------------------+------------+
|    Passing Texts     |    1076    |
+----------------------+------------+
|    Metadata Files    |    1219    |
+----------------------+------------+
|   Passing Metadata   |    1219    |
+----------------------+------------+
|       Coverage       |   100.0    |
+----------------------+------------+
| Total Citation Units |  249,156   |
+----------------------+------------+
|     Total Words      | 23,268,160 |
+----------------------+------------+
|     Words in GRC     | 22,082,167 |
+----------------------+------------+
|     Words in ENG     |  426,505   |
+----------------------+------------+
|     Words in LAT     |  538,981   |
+----------------------+------------+
|     Words in COP     |   1,241    |
+----------------------+------------+
|     Words in MUL     |   58,903   |
+----------------------+------------+
|     Words in DEU     |  160,363   |
+----------------------+------------+
<!DOCTYPE HTML PUBLIC "-//W3C//DTD HTML 3.2 Final//EN">
<title>405 Method Not Allowed</title>
<h1>Method Not Allowed</h1>
<p>The method is not allowed for the requested URL.</p>

