>>> Starting tests !
>>> Files to test : 1775
.....................................................................................................................................................................................................................................................................................................................................................................................................................................................................................................................................................................................................................................................................................................................................................................................................................................................................................................................................................................
All Metadata Files Passed
..........................................................................................................................................................................................................................................................................................................................................................................................................................................................................................................................................................................................................................................................................................................................................................................................................................................................................
+------------+-------+-------+--------------+
| Identifier | Words | Nodes | Failed Tests |
+------------+-------+-------+--------------+

>>> End of the test !

+----------------------+------------+
|   HookTestResults    |            |
+----------------------+------------+
|     Total Texts      |    842     |
+----------------------+------------+
|    Passing Texts     |    842     |
+----------------------+------------+
|    Metadata Files    |    933     |
+----------------------+------------+
|   Passing Metadata   |    933     |
+----------------------+------------+
|       Coverage       |   100.0    |
+----------------------+------------+
| Total Citation Units |  197,405   |
+----------------------+------------+
|     Total Words      | 20,538,147 |
+----------------------+------------+
|     Words in COP     |   1,241    |
+----------------------+------------+
|     Words in LAT     |  453,322   |
+----------------------+------------+
|     Words in GRC     | 19,504,339 |
+----------------------+------------+
|     Words in MUL     |   58,903   |
+----------------------+------------+
|     Words in ENG     |  359,979   |
+----------------------+------------+
|     Words in DEU     |  160,363   |
+----------------------+------------+
{
  "link": "/repo/OpenGreekAndLatin/First1KGreek/3329", 
  "status": "success"
}

