>>> Starting tests !
>>> Files to test : 1825
...................................................................................................................................................................................................................................................................................................................................................................................................................................................................................................................................................................................................................................................................................................................................................................................................................................................................................................................................................................................................
All Metadata Files Passed
..............................................................................................................................................................................................................................................................................................................................................................................................................................................................................................................................................................................................................................................................................................................................................................................................................................................................................................
+------------+-------+-------+--------------+
| Identifier | Words | Nodes | Failed Tests |
+------------+-------+-------+--------------+

>>> End of the test !

+----------------------+------------+
|   HookTestResults    |            |
+----------------------+------------+
|     Total Texts      |    862     |
+----------------------+------------+
|    Passing Texts     |    862     |
+----------------------+------------+
|    Metadata Files    |    963     |
+----------------------+------------+
|   Passing Metadata   |    963     |
+----------------------+------------+
|       Coverage       |   100.0    |
+----------------------+------------+
| Total Citation Units |  201,551   |
+----------------------+------------+
|     Total Words      | 20,706,572 |
+----------------------+------------+
|     Words in GRC     | 19,672,764 |
+----------------------+------------+
|     Words in COP     |   1,241    |
+----------------------+------------+
|     Words in ENG     |  359,979   |
+----------------------+------------+
|     Words in DEU     |  160,363   |
+----------------------+------------+
|     Words in MUL     |   58,903   |
+----------------------+------------+
|     Words in LAT     |  453,322   |
+----------------------+------------+
{
  "link": "/repo/OpenGreekAndLatin/First1KGreek/3458", 
  "status": "success"
}

