>>> Starting tests !
>>> Files to test : 1771
...................................................................................................................................................................................................................................................................................................................................................................................................................................................................................................................................................................................................................................................................................................................................................................................................................................................................................................................................................................
All Metadata Files Passed
........................................................................................................................................................................................................................................................................................................................................................................................................................................................................................................................................................................................................................................................................................................................................................................................................................................................................
+------------+-------+-------+--------------+
| Identifier | Words | Nodes | Failed Tests |
+------------+-------+-------+--------------+

>>> End of the test !

+----------------------+------------+
|   HookTestResults    |            |
+----------------------+------------+
|     Total Texts      |    840     |
+----------------------+------------+
|    Passing Texts     |    840     |
+----------------------+------------+
|    Metadata Files    |    931     |
+----------------------+------------+
|   Passing Metadata   |    931     |
+----------------------+------------+
|       Coverage       |   100.0    |
+----------------------+------------+
| Total Citation Units |  197,363   |
+----------------------+------------+
|     Total Words      | 20,517,205 |
+----------------------+------------+
|     Words in COP     |   1,241    |
+----------------------+------------+
|     Words in MUL     |   58,903   |
+----------------------+------------+
|     Words in DEU     |  160,363   |
+----------------------+------------+
|     Words in ENG     |  359,979   |
+----------------------+------------+
|     Words in LAT     |  453,322   |
+----------------------+------------+
|     Words in GRC     | 19,483,397 |
+----------------------+------------+
{
  "link": "/repo/OpenGreekAndLatin/First1KGreek/3327", 
  "status": "success"
}

