>>> Starting tests !
>>> Files to test : 1839
..........................................................................................................................................................................................................................................................................................................................................................................................................................................................................................................................................................................................................................................................................................................................................................................................................................................................................................................................................................................................................
All Metadata Files Passed
.....................................................................................................................................................................................................................................................................................................................................................................................................................................................................................................................................................................................................................................................................................................................................................................................................................................................................................................
+------------+-------+-------+--------------+
| Identifier | Words | Nodes | Failed Tests |
+------------+-------+-------+--------------+

>>> End of the test !

+----------------------+------------+
|   HookTestResults    |            |
+----------------------+------------+
|     Total Texts      |    869     |
+----------------------+------------+
|    Passing Texts     |    869     |
+----------------------+------------+
|    Metadata Files    |    970     |
+----------------------+------------+
|   Passing Metadata   |    970     |
+----------------------+------------+
|       Coverage       |   100.0    |
+----------------------+------------+
| Total Citation Units |  203,022   |
+----------------------+------------+
|     Total Words      | 20,821,177 |
+----------------------+------------+
|     Words in ENG     |  359,979   |
+----------------------+------------+
|     Words in GRC     | 19,787,369 |
+----------------------+------------+
|     Words in COP     |   1,241    |
+----------------------+------------+
|     Words in DEU     |  160,363   |
+----------------------+------------+
|     Words in LAT     |  453,322   |
+----------------------+------------+
|     Words in MUL     |   58,903   |
+----------------------+------------+
{
  "link": "/repo/OpenGreekAndLatin/First1KGreek/3527", 
  "status": "success"
}

