>>> Starting tests !
>>> Files to test : 1898
...........................................................................................................................................................................................................................................................................................................................................................................................................................................................................................................................................................................................................................................................................................................................................................................................................................................................................................................................................................................................................................................
All Metadata Files Passed
...............................................................................................................................................................................................................................................................................................................................................................................................................................................................................................................................................................................................................................................................................................................................................................................................................................................................................................................................
+------------+-------+-------+--------------+
| Identifier | Words | Nodes | Failed Tests |
+------------+-------+-------+--------------+

>>> End of the test !

+----------------------+------------+
|   HookTestResults    |            |
+----------------------+------------+
|     Total Texts      |    895     |
+----------------------+------------+
|    Passing Texts     |    895     |
+----------------------+------------+
|    Metadata Files    |    1003    |
+----------------------+------------+
|   Passing Metadata   |    1003    |
+----------------------+------------+
|       Coverage       |   100.0    |
+----------------------+------------+
| Total Citation Units |  206,367   |
+----------------------+------------+
|     Total Words      | 21,204,630 |
+----------------------+------------+
|     Words in COP     |   1,241    |
+----------------------+------------+
|     Words in GRC     | 20,114,757 |
+----------------------+------------+
|     Words in MUL     |   58,903   |
+----------------------+------------+
|     Words in DEU     |  160,363   |
+----------------------+------------+
|     Words in ENG     |  359,979   |
+----------------------+------------+
|     Words in LAT     |  509,387   |
+----------------------+------------+
{
  "link": "/repo/OpenGreekAndLatin/First1KGreek/3748", 
  "status": "success"
}

