>>> Starting tests !
>>> Files to test : 1791
...............................................................................................................................................................................................................................................................................................................................................................................................................................................................................................................................................................................................................................................................................................................................................................................................................................................................................................................................................................................
All Metadata Files Passed
................................................................................................................................................................................................................................................................................................................................................................................................................................................................................................................................................................................................................................................................................................................................................................................................................................................................................
+------------+-------+-------+--------------+
| Identifier | Words | Nodes | Failed Tests |
+------------+-------+-------+--------------+

>>> End of the test !

+----------------------+------------+
|   HookTestResults    |            |
+----------------------+------------+
|     Total Texts      |    848     |
+----------------------+------------+
|    Passing Texts     |    848     |
+----------------------+------------+
|    Metadata Files    |    943     |
+----------------------+------------+
|   Passing Metadata   |    943     |
+----------------------+------------+
|       Coverage       |   100.0    |
+----------------------+------------+
| Total Citation Units |  197,550   |
+----------------------+------------+
|     Total Words      | 20,551,251 |
+----------------------+------------+
|     Words in GRC     | 19,517,443 |
+----------------------+------------+
|     Words in DEU     |  160,363   |
+----------------------+------------+
|     Words in LAT     |  453,322   |
+----------------------+------------+
|     Words in COP     |   1,241    |
+----------------------+------------+
|     Words in ENG     |  359,979   |
+----------------------+------------+
|     Words in MUL     |   58,903   |
+----------------------+------------+
{
  "link": "/repo/OpenGreekAndLatin/First1KGreek/3421", 
  "status": "success"
}

