>>> Starting tests !
>>> Files to test : 2048
.......................................................................................................................................................................................................................................................................................................................................................................................................................................................................................................................................................................................................................................................................................................................................................................................................................................................................................................................................................................................................................................................................................................................
All Metadata Files Passed
.........................................................................................................................................................................................................................................................................................................................................................................................................................................................................................................................................................................................................................................................................................................................................................................................................................................................................................................................................................................................................
+------------+-------+-------+--------------+
| Identifier | Words | Nodes | Failed Tests |
+------------+-------+-------+--------------+

>>> End of the test !

+----------------------+------------+
|   HookTestResults    |            |
+----------------------+------------+
|     Total Texts      |    969     |
+----------------------+------------+
|    Passing Texts     |    969     |
+----------------------+------------+
|    Metadata Files    |    1079    |
+----------------------+------------+
|   Passing Metadata   |    1079    |
+----------------------+------------+
|       Coverage       |   100.0    |
+----------------------+------------+
| Total Citation Units |  240,940   |
+----------------------+------------+
|     Total Words      | 22,455,878 |
+----------------------+------------+
|     Words in LAT     |  518,588   |
+----------------------+------------+
|     Words in COP     |   1,241    |
+----------------------+------------+
|     Words in MUL     |   58,903   |
+----------------------+------------+
|     Words in ENG     |  362,105   |
+----------------------+------------+
|     Words in GRC     | 21,354,678 |
+----------------------+------------+
|     Words in DEU     |  160,363   |
+----------------------+------------+
{
  "link": "/repo/OpenGreekAndLatin/First1KGreek/4178", 
  "status": "success"
}

