>>> Starting tests !
>>> Files to test : 1831
......................................................................................................................................................................................................................................................................................................................................................................................................................................................................................................................................................................................................................................................................................................................................................................................................................................................................................................................................................................................................
All Metadata Files Passed
.................................................................................................................................................................................................................................................................................................................................................................................................................................................................................................................................................................................................................................................................................................................................................................................................................................................................................................
+------------+-------+-------+--------------+
| Identifier | Words | Nodes | Failed Tests |
+------------+-------+-------+--------------+

>>> End of the test !

+----------------------+------------+
|   HookTestResults    |            |
+----------------------+------------+
|     Total Texts      |    865     |
+----------------------+------------+
|    Passing Texts     |    865     |
+----------------------+------------+
|    Metadata Files    |    966     |
+----------------------+------------+
|   Passing Metadata   |    966     |
+----------------------+------------+
|       Coverage       |   100.0    |
+----------------------+------------+
| Total Citation Units |  202,999   |
+----------------------+------------+
|     Total Words      | 20,808,858 |
+----------------------+------------+
|     Words in DEU     |  160,363   |
+----------------------+------------+
|     Words in LAT     |  453,322   |
+----------------------+------------+
|     Words in GRC     | 19,775,050 |
+----------------------+------------+
|     Words in ENG     |  359,979   |
+----------------------+------------+
|     Words in MUL     |   58,903   |
+----------------------+------------+
|     Words in COP     |   1,241    |
+----------------------+------------+
{
  "link": "/repo/OpenGreekAndLatin/First1KGreek/3526", 
  "status": "success"
}

