>>> Starting tests !
>>> Files to test : 2011
......................................................................................................................................................................................................................................................................................................................................................................................................................................................................................................................................................................................................................................................................................................................................................................................................................................................................................................................................................................................................................................................................................................
All Metadata Files Passed
.....................................................................................................................................................................................................................................................................................................................................................................................................................................................................................................................................................................................................................................................................................................................................................................................................................................................................................................................................................................................
+------------+-------+-------+--------------+
| Identifier | Words | Nodes | Failed Tests |
+------------+-------+-------+--------------+

>>> End of the test !

+----------------------+------------+
|   HookTestResults    |            |
+----------------------+------------+
|     Total Texts      |    949     |
+----------------------+------------+
|    Passing Texts     |    949     |
+----------------------+------------+
|    Metadata Files    |    1062    |
+----------------------+------------+
|   Passing Metadata   |    1062    |
+----------------------+------------+
|       Coverage       |   100.0    |
+----------------------+------------+
| Total Citation Units |  234,028   |
+----------------------+------------+
|     Total Words      | 22,161,029 |
+----------------------+------------+
|     Words in LAT     |  512,286   |
+----------------------+------------+
|     Words in COP     |   1,241    |
+----------------------+------------+
|     Words in DEU     |  160,363   |
+----------------------+------------+
|     Words in ENG     |  359,979   |
+----------------------+------------+
|     Words in MUL     |   58,903   |
+----------------------+------------+
|     Words in GRC     | 21,068,257 |
+----------------------+------------+
{
  "link": "/repo/OpenGreekAndLatin/First1KGreek/4057", 
  "status": "success"
}

