>>> Starting tests !
>>> Files to test : 1938
..................................................................................................................................................................................................................................................................................................................................................................................................................................................................................................................................................................................................................................................................................................................................................................................................................................................................................................................................................................................................................................................................
All Metadata Files Passed
................................................................................................................................................................................................................................................................................................................................................................................................................................................................................................................................................................................................................................................................................................................................................................................................................................................................................................................................................
+------------+-------+-------+--------------+
| Identifier | Words | Nodes | Failed Tests |
+------------+-------+-------+--------------+

>>> End of the test !

+----------------------+------------+
|   HookTestResults    |            |
+----------------------+------------+
|     Total Texts      |    912     |
+----------------------+------------+
|    Passing Texts     |    912     |
+----------------------+------------+
|    Metadata Files    |    1026    |
+----------------------+------------+
|   Passing Metadata   |    1026    |
+----------------------+------------+
|       Coverage       |   100.0    |
+----------------------+------------+
| Total Citation Units |  231,342   |
+----------------------+------------+
|     Total Words      | 21,781,160 |
+----------------------+------------+
|     Words in ENG     |  359,979   |
+----------------------+------------+
|     Words in DEU     |  160,363   |
+----------------------+------------+
|     Words in GRC     | 20,691,287 |
+----------------------+------------+
|     Words in LAT     |  509,387   |
+----------------------+------------+
|     Words in COP     |   1,241    |
+----------------------+------------+
|     Words in MUL     |   58,903   |
+----------------------+------------+
{
  "link": "/repo/OpenGreekAndLatin/First1KGreek/3844", 
  "status": "success"
}

