>>> Starting tests !
>>> Files to test : 1963
...............................................................................................................................................................................................................................................................................................................................................................................................................................................................................................................................................................................................................................................................................................................................................................................................................................................................................................................................................................................................................................................................................
All Metadata Files Passed
............................................................................................................................................................................................................................................................................................................................................................................................................................................................................................................................................................................................................................................................................................................................................................................................................................................................................................................................................................
+------------+-------+-------+--------------+
| Identifier | Words | Nodes | Failed Tests |
+------------+-------+-------+--------------+

>>> End of the test !

+----------------------+------------+
|   HookTestResults    |            |
+----------------------+------------+
|     Total Texts      |    924     |
+----------------------+------------+
|    Passing Texts     |    924     |
+----------------------+------------+
|    Metadata Files    |    1039    |
+----------------------+------------+
|   Passing Metadata   |    1039    |
+----------------------+------------+
|       Coverage       |   100.0    |
+----------------------+------------+
| Total Citation Units |  232,724   |
+----------------------+------------+
|     Total Words      | 21,998,565 |
+----------------------+------------+
|     Words in GRC     | 20,908,692 |
+----------------------+------------+
|     Words in COP     |   1,241    |
+----------------------+------------+
|     Words in ENG     |  359,979   |
+----------------------+------------+
|     Words in MUL     |   58,903   |
+----------------------+------------+
|     Words in DEU     |  160,363   |
+----------------------+------------+
|     Words in LAT     |  509,387   |
+----------------------+------------+
<!DOCTYPE HTML PUBLIC "-//W3C//DTD HTML 3.2 Final//EN">
<title>500 Internal Server Error</title>
<h1>Internal Server Error</h1>
<p>The server encountered an internal error and was unable to complete your request.  Either the server is overloaded or there is an error in the application.</p>

