>>> Starting tests !
>>> Files to test : 1878
................................................................................................................................................................................................................................................................................................................................................................................................................................................................................................................................................................................................................................................................................................................................................................................................................................................................................................................................................................................................................................
All Metadata Files Passed
......................................................................................................................................................................................................................................................................................................................................................................................................................................................................................................................................................................................................................................................................................................................................................................................................................................................................................................................
+------------+-------+-------+--------------+
| Identifier | Words | Nodes | Failed Tests |
+------------+-------+-------+--------------+

>>> End of the test !

+----------------------+------------+
|   HookTestResults    |            |
+----------------------+------------+
|     Total Texts      |    886     |
+----------------------+------------+
|    Passing Texts     |    886     |
+----------------------+------------+
|    Metadata Files    |    992     |
+----------------------+------------+
|   Passing Metadata   |    992     |
+----------------------+------------+
|       Coverage       |   100.0    |
+----------------------+------------+
| Total Citation Units |  205,273   |
+----------------------+------------+
|     Total Words      | 21,065,133 |
+----------------------+------------+
|     Words in LAT     |  509,387   |
+----------------------+------------+
|     Words in DEU     |  160,363   |
+----------------------+------------+
|     Words in MUL     |   58,903   |
+----------------------+------------+
|     Words in ENG     |  359,979   |
+----------------------+------------+
|     Words in COP     |   1,241    |
+----------------------+------------+
|     Words in GRC     | 19,975,260 |
+----------------------+------------+
{
  "link": "/repo/OpenGreekAndLatin/First1KGreek/3740", 
  "status": "success"
}

