>>> Starting tests !
>>> Files to test : 1769
..................................................................................................................................................................................................................................................................................................................................................................................................................................................................................................................................................................................................................................................................................................................................................................................................................................................................................................................................................................
All Metadata Files Passed
.......................................................................................................................................................................................................................................................................................................................................................................................................................................................................................................................................................................................................................................................................................................................................................................................................................................................................
+------------+-------+-------+--------------+
| Identifier | Words | Nodes | Failed Tests |
+------------+-------+-------+--------------+

>>> End of the test !

+----------------------+------------+
|   HookTestResults    |            |
+----------------------+------------+
|     Total Texts      |    839     |
+----------------------+------------+
|    Passing Texts     |    839     |
+----------------------+------------+
|    Metadata Files    |    930     |
+----------------------+------------+
|   Passing Metadata   |    930     |
+----------------------+------------+
|       Coverage       |   100.0    |
+----------------------+------------+
| Total Citation Units |  195,622   |
+----------------------+------------+
|     Total Words      | 20,481,427 |
+----------------------+------------+
|     Words in ENG     |  359,979   |
+----------------------+------------+
|     Words in DEU     |  160,363   |
+----------------------+------------+
|     Words in GRC     | 19,447,619 |
+----------------------+------------+
|     Words in LAT     |  453,322   |
+----------------------+------------+
|     Words in COP     |   1,241    |
+----------------------+------------+
|     Words in MUL     |   58,903   |
+----------------------+------------+
{
  "link": "/repo/OpenGreekAndLatin/First1KGreek/3326", 
  "status": "success"
}

