>>> Starting tests !
>>> Files to test : 1730
............................................................................................................................................................................................................................................................................................................................................................................................................................................................................................................................................................................................................................................................................................................................................................................................................................................................................................................................................
All Metadata Files Passed
......................................................................................................................................................................................................................................................................................................................................................................................................................................................................................................................................................................................................................................................................................................................................................................................................................................................
+------------+-------+-------+--------------+
| Identifier | Words | Nodes | Failed Tests |
+------------+-------+-------+--------------+

>>> End of the test !

+----------------------+------------+
|   HookTestResults    |            |
+----------------------+------------+
|     Total Texts      |    822     |
+----------------------+------------+
|    Passing Texts     |    822     |
+----------------------+------------+
|    Metadata Files    |    908     |
+----------------------+------------+
|   Passing Metadata   |    908     |
+----------------------+------------+
|       Coverage       |   100.0    |
+----------------------+------------+
| Total Citation Units |  192,816   |
+----------------------+------------+
|     Total Words      | 20,301,807 |
+----------------------+------------+
|     Words in COP     |   1,241    |
+----------------------+------------+
|     Words in MUL     |   58,903   |
+----------------------+------------+
|     Words in DEU     |  160,363   |
+----------------------+------------+
|     Words in LAT     |  453,322   |
+----------------------+------------+
|     Words in ENG     |  359,979   |
+----------------------+------------+
|     Words in GRC     | 19,267,999 |
+----------------------+------------+
{
  "link": "/repo/OpenGreekAndLatin/First1KGreek/3249", 
  "status": "success"
}

