>>> Starting tests !
>>> Files to test : 1807
.........................................................................................................................................................................................................................................................................................................................................................................................................................................................................................................................................................................................................................................................................................................................................................................................................................................................................................................................................................................................
All Metadata Files Passed
......................................................................................................................................................................................................................................................................................................................................................................................................................................................................................................................................................................................................................................................................................................................................................................................................................................................................................
+------------+-------+-------+--------------+
| Identifier | Words | Nodes | Failed Tests |
+------------+-------+-------+--------------+

>>> End of the test !

+----------------------+------------+
|   HookTestResults    |            |
+----------------------+------------+
|     Total Texts      |    854     |
+----------------------+------------+
|    Passing Texts     |    854     |
+----------------------+------------+
|    Metadata Files    |    953     |
+----------------------+------------+
|   Passing Metadata   |    953     |
+----------------------+------------+
|       Coverage       |   100.0    |
+----------------------+------------+
| Total Citation Units |  198,138   |
+----------------------+------------+
|     Total Words      | 20,595,566 |
+----------------------+------------+
|     Words in GRC     | 19,561,758 |
+----------------------+------------+
|     Words in COP     |   1,241    |
+----------------------+------------+
|     Words in DEU     |  160,363   |
+----------------------+------------+
|     Words in LAT     |  453,322   |
+----------------------+------------+
|     Words in ENG     |  359,979   |
+----------------------+------------+
|     Words in MUL     |   58,903   |
+----------------------+------------+
{
  "link": "/repo/OpenGreekAndLatin/First1KGreek/3422", 
  "status": "success"
}

