>>> Starting tests !
>>> Files to test : 1820
................................................................................................................................................................................................................................................................................................................................................................................................................................................................................................................................................................................................................................................................................................................................................................................................................................................................................................................................................................................................
All Metadata Files Passed
............................................................................................................................................................................................................................................................................................................................................................................................................................................................................................................................................................................................................................................................................................................................................................................................................................................................................................
+------------+-------+-------+--------------+
| Identifier | Words | Nodes | Failed Tests |
+------------+-------+-------+--------------+

>>> End of the test !

+----------------------+------------+
|   HookTestResults    |            |
+----------------------+------------+
|     Total Texts      |    860     |
+----------------------+------------+
|    Passing Texts     |    860     |
+----------------------+------------+
|    Metadata Files    |    960     |
+----------------------+------------+
|   Passing Metadata   |    960     |
+----------------------+------------+
|       Coverage       |   100.0    |
+----------------------+------------+
| Total Citation Units |  199,221   |
+----------------------+------------+
|     Total Words      | 20,637,509 |
+----------------------+------------+
|     Words in COP     |   1,241    |
+----------------------+------------+
|     Words in ENG     |  359,979   |
+----------------------+------------+
|     Words in LAT     |  453,322   |
+----------------------+------------+
|     Words in GRC     | 19,603,701 |
+----------------------+------------+
|     Words in DEU     |  160,363   |
+----------------------+------------+
|     Words in MUL     |   58,903   |
+----------------------+------------+
{
  "link": "/repo/OpenGreekAndLatin/First1KGreek/3456", 
  "status": "success"
}

