>>> Starting tests !
>>> Files to test : 1857
.....................................................................................................................................................................................................................................................................................................................................................................................................................................................................................................................................................................................................................................................................................................................................................................................................................................................................................................................................................................................................................
All Metadata Files Passed
............................................................................................................................................................................................................................................................................................................................................................................................................................................................................................................................................................................................................................................................................................................................................................................................................................................................................................................
+------------+-------+-------+--------------+
| Identifier | Words | Nodes | Failed Tests |
+------------+-------+-------+--------------+

>>> End of the test !

+----------------------+------------+
|   HookTestResults    |            |
+----------------------+------------+
|     Total Texts      |    876     |
+----------------------+------------+
|    Passing Texts     |    876     |
+----------------------+------------+
|    Metadata Files    |    981     |
+----------------------+------------+
|   Passing Metadata   |    981     |
+----------------------+------------+
|       Coverage       |   100.0    |
+----------------------+------------+
| Total Citation Units |  203,347   |
+----------------------+------------+
|     Total Words      | 20,950,061 |
+----------------------+------------+
|     Words in LAT     |  453,322   |
+----------------------+------------+
|     Words in ENG     |  359,979   |
+----------------------+------------+
|     Words in GRC     | 19,916,253 |
+----------------------+------------+
|     Words in COP     |   1,241    |
+----------------------+------------+
|     Words in MUL     |   58,903   |
+----------------------+------------+
|     Words in DEU     |  160,363   |
+----------------------+------------+
{
  "link": "/repo/OpenGreekAndLatin/First1KGreek/3603", 
  "status": "success"
}

