>>> Starting tests !
>>> Files to test : 1951
.........................................................................................................................................................................................................................................................................................................................................................................................................................................................................................................................................................................................................................................................................................................................................................................................................................................................................................................................................................................................................................................................................
All Metadata Files Passed
......................................................................................................................................................................................................................................................................................................................................................................................................................................................................................................................................................................................................................................................................................................................................................................................................................................................................................................................................................
+------------+-------+-------+--------------+
| Identifier | Words | Nodes | Failed Tests |
+------------+-------+-------+--------------+

>>> End of the test !

+----------------------+------------+
|   HookTestResults    |            |
+----------------------+------------+
|     Total Texts      |    918     |
+----------------------+------------+
|    Passing Texts     |    918     |
+----------------------+------------+
|    Metadata Files    |    1033    |
+----------------------+------------+
|   Passing Metadata   |    1033    |
+----------------------+------------+
|       Coverage       |   100.0    |
+----------------------+------------+
| Total Citation Units |  232,485   |
+----------------------+------------+
|     Total Words      | 21,918,866 |
+----------------------+------------+
|     Words in GRC     | 20,828,993 |
+----------------------+------------+
|     Words in ENG     |  359,979   |
+----------------------+------------+
|     Words in MUL     |   58,903   |
+----------------------+------------+
|     Words in LAT     |  509,387   |
+----------------------+------------+
|     Words in DEU     |  160,363   |
+----------------------+------------+
|     Words in COP     |   1,241    |
+----------------------+------------+
{
  "link": "/repo/OpenGreekAndLatin/First1KGreek/3866", 
  "status": "success"
}

