>>> Starting tests !
>>> Files to test : 1842
...........................................................................................................................................................................................................................................................................................................................................................................................................................................................................................................................................................................................................................................................................................................................................................................................................................................................................................................................................................................................................
All Metadata Files Passed
.......................................................................................................................................................................................................................................................................................................................................................................................................................................................................................................................................................................................................................................................................................................................................................................................................................................................................................................
+------------+-------+-------+--------------+
| Identifier | Words | Nodes | Failed Tests |
+------------+-------+-------+--------------+

>>> End of the test !

+----------------------+------------+
|   HookTestResults    |            |
+----------------------+------------+
|     Total Texts      |    871     |
+----------------------+------------+
|    Passing Texts     |    871     |
+----------------------+------------+
|    Metadata Files    |    971     |
+----------------------+------------+
|   Passing Metadata   |    971     |
+----------------------+------------+
|       Coverage       |   100.0    |
+----------------------+------------+
| Total Citation Units |  203,110   |
+----------------------+------------+
|     Total Words      | 20,884,694 |
+----------------------+------------+
|     Words in GRC     | 19,850,886 |
+----------------------+------------+
|     Words in DEU     |  160,363   |
+----------------------+------------+
|     Words in MUL     |   58,903   |
+----------------------+------------+
|     Words in LAT     |  453,322   |
+----------------------+------------+
|     Words in COP     |   1,241    |
+----------------------+------------+
|     Words in ENG     |  359,979   |
+----------------------+------------+
{
  "link": "/repo/OpenGreekAndLatin/First1KGreek/3530", 
  "status": "success"
}

