>>> Starting tests !
>>> Files to test : 1780
........................................................................................................................................................................................................................................................................................................................................................................................................................................................................................................................................................................................................................................................................................................................................................................................................................................................................................................................................................................
All Metadata Files Passed
............................................................................................................................................................................................................................................................................................................................................................................................................................................................................................................................................................................................................................................................................................................................................................................................................................................................................
+------------+-------+-------+--------------+
| Identifier | Words | Nodes | Failed Tests |
+------------+-------+-------+--------------+

>>> End of the test !

+----------------------+------------+
|   HookTestResults    |            |
+----------------------+------------+
|     Total Texts      |    844     |
+----------------------+------------+
|    Passing Texts     |    844     |
+----------------------+------------+
|    Metadata Files    |    936     |
+----------------------+------------+
|   Passing Metadata   |    936     |
+----------------------+------------+
|       Coverage       |   100.0    |
+----------------------+------------+
| Total Citation Units |  197,519   |
+----------------------+------------+
|     Total Words      | 20,546,780 |
+----------------------+------------+
|     Words in LAT     |  453,322   |
+----------------------+------------+
|     Words in MUL     |   58,903   |
+----------------------+------------+
|     Words in COP     |   1,241    |
+----------------------+------------+
|     Words in GRC     | 19,512,972 |
+----------------------+------------+
|     Words in ENG     |  359,979   |
+----------------------+------------+
|     Words in DEU     |  160,363   |
+----------------------+------------+
{
  "link": "/repo/OpenGreekAndLatin/First1KGreek/3369", 
  "status": "success"
}

