Since 1.1.8, you do not need to specify --console table anymore. --console is enough
>>> Starting tests !
>>> Files to test : 2058
............................................................................................................................................................................................................................................................................................................................................................................................................................................................................................................................................................................................................................................................................................................................................................................................................................................................................................................................................................................................................................................................................................................................
All Metadata Files Passed
..............................................................................................................................................................................................................................................................................................................................................................................................................................................................................................................................................................................................................................................................................................................................................................................................................................................................................................................................................................................................................
+------------+-------+-------+--------------+
| Identifier | Words | Nodes | Failed Tests |
+------------+-------+-------+--------------+

>>> End of the test !

+----------------------+------------+
|   HookTestResults    |            |
+----------------------+------------+
|     Total Texts      |    974     |
+----------------------+------------+
|    Passing Texts     |    974     |
+----------------------+------------+
|    Metadata Files    |    1084    |
+----------------------+------------+
|   Passing Metadata   |    1084    |
+----------------------+------------+
|       Coverage       |   100.0    |
+----------------------+------------+
| Total Citation Units |  242,386   |
+----------------------+------------+
|     Total Words      | 22,552,393 |
+----------------------+------------+
|     Words in DEU     |  160,363   |
+----------------------+------------+
|     Words in COP     |   1,241    |
+----------------------+------------+
|     Words in GRC     | 21,445,845 |
+----------------------+------------+
|     Words in MUL     |   58,903   |
+----------------------+------------+
|     Words in ENG     |  362,105   |
+----------------------+------------+
|     Words in LAT     |  523,936   |
+----------------------+------------+
{
  "link": "/repo/OpenGreekAndLatin/First1KGreek/4905", 
  "status": "success"
}

