>>> Starting tests !
>>> Files to test : 1933
...............................................................................................................................................................................................................................................................................................................................................................................................................................................................................................................................................................................................................................................................................................................................................................................................................................................................................................................................................................................................................................................................
All Metadata Files Passed
..............................................................................................................................................................................................................................................................................................................................................................................................................................................................................................................................................................................................................................................................................................................................................................................................................................................................................................................................................
+------------+-------+-------+--------------+
| Identifier | Words | Nodes | Failed Tests |
+------------+-------+-------+--------------+

>>> End of the test !

+----------------------+------------+
|   HookTestResults    |            |
+----------------------+------------+
|     Total Texts      |    910     |
+----------------------+------------+
|    Passing Texts     |    910     |
+----------------------+------------+
|    Metadata Files    |    1023    |
+----------------------+------------+
|   Passing Metadata   |    1023    |
+----------------------+------------+
|       Coverage       |   100.0    |
+----------------------+------------+
| Total Citation Units |  207,098   |
+----------------------+------------+
|     Total Words      | 21,280,887 |
+----------------------+------------+
|     Words in ENG     |  359,979   |
+----------------------+------------+
|     Words in MUL     |   58,903   |
+----------------------+------------+
|     Words in DEU     |  160,363   |
+----------------------+------------+
|     Words in COP     |   1,241    |
+----------------------+------------+
|     Words in GRC     | 20,191,014 |
+----------------------+------------+
|     Words in LAT     |  509,387   |
+----------------------+------------+
{
  "link": "/repo/OpenGreekAndLatin/First1KGreek/3828", 
  "status": "success"
}

