>>> Starting tests !
>>> Files to test : 1929
.............................................................................................................................................................................................................................................................................................................................................................................................................................................................................................................................................................................................................................................................................................................................................................................................................................................................................................................................................................................................................................................................
All Metadata Files Passed
............................................................................................................................................................................................................................................................................................................................................................................................................................................................................................................................................................................................................................................................................................................................................................................................................................................................................................................................................
+------------+-------+-------+--------------+
| Identifier | Words | Nodes | Failed Tests |
+------------+-------+-------+--------------+

>>> End of the test !

+----------------------+------------+
|   HookTestResults    |            |
+----------------------+------------+
|     Total Texts      |    908     |
+----------------------+------------+
|    Passing Texts     |    908     |
+----------------------+------------+
|    Metadata Files    |    1021    |
+----------------------+------------+
|   Passing Metadata   |    1021    |
+----------------------+------------+
|       Coverage       |   100.0    |
+----------------------+------------+
| Total Citation Units |  206,858   |
+----------------------+------------+
|     Total Words      | 21,271,781 |
+----------------------+------------+
|     Words in LAT     |  509,387   |
+----------------------+------------+
|     Words in MUL     |   58,903   |
+----------------------+------------+
|     Words in GRC     | 20,181,908 |
+----------------------+------------+
|     Words in ENG     |  359,979   |
+----------------------+------------+
|     Words in COP     |   1,241    |
+----------------------+------------+
|     Words in DEU     |  160,363   |
+----------------------+------------+
{
  "link": "/repo/OpenGreekAndLatin/First1KGreek/3809", 
  "status": "success"
}

